<?xml version="1.0" encoding="UTF-8"?>
<testng-results ignored="0" total="3" passed="3" failed="0" skipped="0">
  <reporter-output>
  </reporter-output>
  <suite started-at="2026-06-18T11:24:54 IST" name="Default suite" finished-at="2026-06-18T11:25:07 IST" duration-ms="13069">
    <groups>
      <group name="cucumber">
        <method signature="AbstractTestNGCucumberTests.runScenario(io.cucumber.testng.PickleWrapper,io.cucumber.testng.FeatureWrapper)[pri:0, instance:runners.TestRunner@6492fab5]" name="runScenario" class="io.cucumber.testng.AbstractTestNGCucumberTests"/>
      </group> <!-- cucumber -->
    </groups>
    <test started-at="2026-06-18T11:24:54 IST" name="Default test" finished-at="2026-06-18T11:25:07 IST" duration-ms="13069">
      <class name="runners.TestRunner">
        <test-method is-config="true" signature="setUpClass(org.testng.ITestContext)[pri:0, instance:runners.TestRunner@6492fab5]" started-at="2026-06-18T11:24:54 IST" name="setUpClass" finished-at="2026-06-18T11:24:56 IST" duration-ms="1901" status="PASS">
          <params>
            <param index="0">
              <value>
                <![CDATA[org.testng.TestRunner@4735d6e5]]>
              </value>
            </param>
          </params>
          <reporter-output>
          </reporter-output>
        </test-method> <!-- setUpClass -->
        <test-method signature="runScenario(io.cucumber.testng.PickleWrapper,io.cucumber.testng.FeatureWrapper)[pri:0, instance:runners.TestRunner@6492fab5]" started-at="2026-06-18T11:24:56 IST" name="runScenario" description="Runs Cucumber Scenarios" data-provider="scenarios" finished-at="2026-06-18T11:25:04 IST" duration-ms="8301" status="PASS">
          <params>
            <param index="0">
              <value>
                <![CDATA["Add product to cart and verify cart count"]]>
              </value>
            </param>
            <param index="1">
              <value>
                <![CDATA["Cart Functionality"]]>
              </value>
            </param>
          </params>
          <reporter-output>
          </reporter-output>
        </test-method> <!-- runScenario -->
        <test-method signature="runScenario(io.cucumber.testng.PickleWrapper,io.cucumber.testng.FeatureWrapper)[pri:0, instance:runners.TestRunner@6492fab5]" started-at="2026-06-18T11:25:04 IST" name="runScenario" description="Runs Cucumber Scenarios" data-provider="scenarios" finished-at="2026-06-18T11:25:05 IST" duration-ms="566" status="PASS">
          <params>
            <param index="0">
              <value>
                <![CDATA["Remove product from cart and verify cart count"]]>
              </value>
            </param>
            <param index="1">
              <value>
                <![CDATA["Cart Functionality"]]>
              </value>
            </param>
          </params>
          <reporter-output>
          </reporter-output>
        </test-method> <!-- runScenario -->
        <test-method signature="runScenario(io.cucumber.testng.PickleWrapper,io.cucumber.testng.FeatureWrapper)[pri:0, instance:runners.TestRunner@6492fab5]" started-at="2026-06-18T11:25:05 IST" name="runScenario" description="Runs Cucumber Scenarios" data-provider="scenarios" finished-at="2026-06-18T11:25:07 IST" duration-ms="1842" status="PASS">
          <params>
            <param index="0">
              <value>
                <![CDATA["View lowest and highest priced products after search"]]>
              </value>
            </param>
            <param index="1">
              <value>
                <![CDATA["Sort products by price"]]>
              </value>
            </param>
          </params>
          <reporter-output>
          </reporter-output>
        </test-method> <!-- runScenario -->
        <test-method is-config="true" signature="tearDownClass()[pri:0, instance:runners.TestRunner@6492fab5]" started-at="2026-06-18T11:25:07 IST" name="tearDownClass" finished-at="2026-06-18T11:25:07 IST" duration-ms="416" status="PASS">
          <reporter-output>
          </reporter-output>
        </test-method> <!-- tearDownClass -->
      </class> <!-- runners.TestRunner -->
    </test> <!-- Default test -->
  </suite> <!-- Default suite -->
</testng-results>
