<?xml version="1.0" encoding="UTF-8"?>
<!-- Generated by org.testng.reporters.JUnitReportReporter -->
<testsuite hostname="DESKTOP-VJBNE00" failures="0" tests="3" name="runners.TestRunner" time="10.709" errors="0" timestamp="2026-06-18T11:25:07 IST" skipped="0">
  <testcase classname="runners.TestRunner" name="runScenario" time="8.301"/>
  <testcase classname="runners.TestRunner" name="runScenario" time="0.566"/>
  <testcase classname="runners.TestRunner" name="runScenario" time="1.842"/>
</testsuite> <!-- runners.TestRunner -->
